2025-12-10 11:42:45 [ERROR]: CRUD API Error [read]: Invalid column name 'IsDelete'. {"stack":"RequestError: Invalid column name 'IsDelete'.\n    at handleError (D:\\Dev\\ProMS\\ProMSDev\\node_modules\\mssql\\lib\\tedious\\request.js:384:15)\n    at Connection.emit (node:events:518:28)\n    at Connection.emit (D:\\Dev\\ProMS\\ProMSDev\\node_modules\\tedious\\lib\\connection.js:1009:18)\n    at RequestTokenHandler.onErrorMessage (D:\\Dev\\ProMS\\ProMSDev\\node_modules\\tedious\\lib\\token\\handler.js:285:21)\n    at Readable.<anonymous> (D:\\Dev\\ProMS\\ProMSDev\\node_modules\\tedious\\lib\\token\\token-stream-parser.js:19:33)\n    at Readable.emit (node:events:518:28)\n    at addChunk (node:internal/streams/readable:561:12)\n    at readableAddChunkPushObjectMode (node:internal/streams/readable:538:3)\n    at Readable.push (node:internal/streams/readable:393:5)\n    at nextAsync (node:internal/streams/from:194:22)\n    at process.processTicksAndRejections (node:internal/process/task_queues:105:5)","table":"TblDestinationMaterialMapping"}
2025-12-10 11:42:45 [ERROR]: CRUD API Error [read]: Invalid column name 'IsDelete'. {"stack":"RequestError: Invalid column name 'IsDelete'.\n    at handleError (D:\\Dev\\ProMS\\ProMSDev\\node_modules\\mssql\\lib\\tedious\\request.js:384:15)\n    at Connection.emit (node:events:518:28)\n    at Connection.emit (D:\\Dev\\ProMS\\ProMSDev\\node_modules\\tedious\\lib\\connection.js:1009:18)\n    at RequestTokenHandler.onErrorMessage (D:\\Dev\\ProMS\\ProMSDev\\node_modules\\tedious\\lib\\token\\handler.js:285:21)\n    at Readable.<anonymous> (D:\\Dev\\ProMS\\ProMSDev\\node_modules\\tedious\\lib\\token\\token-stream-parser.js:19:33)\n    at Readable.emit (node:events:518:28)\n    at addChunk (node:internal/streams/readable:561:12)\n    at readableAddChunkPushObjectMode (node:internal/streams/readable:538:3)\n    at Readable.push (node:internal/streams/readable:393:5)\n    at nextAsync (node:internal/streams/from:194:22)\n    at process.processTicksAndRejections (node:internal/process/task_queues:105:5)","table":"TblDestinationMaterialMapping"}
2025-12-10 11:43:16 [ERROR]: CRUD API Error [read]: Invalid column name 'IsDelete'. {"stack":"RequestError: Invalid column name 'IsDelete'.\n    at handleError (D:\\Dev\\ProMS\\ProMSDev\\node_modules\\mssql\\lib\\tedious\\request.js:384:15)\n    at Connection.emit (node:events:518:28)\n    at Connection.emit (D:\\Dev\\ProMS\\ProMSDev\\node_modules\\tedious\\lib\\connection.js:1009:18)\n    at RequestTokenHandler.onErrorMessage (D:\\Dev\\ProMS\\ProMSDev\\node_modules\\tedious\\lib\\token\\handler.js:285:21)\n    at Readable.<anonymous> (D:\\Dev\\ProMS\\ProMSDev\\node_modules\\tedious\\lib\\token\\token-stream-parser.js:19:33)\n    at Readable.emit (node:events:518:28)\n    at addChunk (node:internal/streams/readable:561:12)\n    at readableAddChunkPushObjectMode (node:internal/streams/readable:538:3)\n    at Readable.push (node:internal/streams/readable:393:5)\n    at nextAsync (node:internal/streams/from:194:22)\n    at process.processTicksAndRejections (node:internal/process/task_queues:105:5)","table":"TblDestinationMaterialMapping"}
2025-12-10 11:43:16 [ERROR]: CRUD API Error [read]: Invalid column name 'IsDelete'. {"stack":"RequestError: Invalid column name 'IsDelete'.\n    at handleError (D:\\Dev\\ProMS\\ProMSDev\\node_modules\\mssql\\lib\\tedious\\request.js:384:15)\n    at Connection.emit (node:events:518:28)\n    at Connection.emit (D:\\Dev\\ProMS\\ProMSDev\\node_modules\\tedious\\lib\\connection.js:1009:18)\n    at RequestTokenHandler.onErrorMessage (D:\\Dev\\ProMS\\ProMSDev\\node_modules\\tedious\\lib\\token\\handler.js:285:21)\n    at Readable.<anonymous> (D:\\Dev\\ProMS\\ProMSDev\\node_modules\\tedious\\lib\\token\\token-stream-parser.js:19:33)\n    at Readable.emit (node:events:518:28)\n    at addChunk (node:internal/streams/readable:561:12)\n    at readableAddChunkPushObjectMode (node:internal/streams/readable:538:3)\n    at Readable.push (node:internal/streams/readable:393:5)\n    at nextAsync (node:internal/streams/from:194:22)\n    at process.processTicksAndRejections (node:internal/process/task_queues:105:5)","table":"TblDestinationMaterialMapping"}
2025-12-10 11:43:16 [ERROR]: CRUD API Error [read]: Invalid column name 'IsDelete'. {"stack":"RequestError: Invalid column name 'IsDelete'.\n    at handleError (D:\\Dev\\ProMS\\ProMSDev\\node_modules\\mssql\\lib\\tedious\\request.js:384:15)\n    at Connection.emit (node:events:518:28)\n    at Connection.emit (D:\\Dev\\ProMS\\ProMSDev\\node_modules\\tedious\\lib\\connection.js:1009:18)\n    at RequestTokenHandler.onErrorMessage (D:\\Dev\\ProMS\\ProMSDev\\node_modules\\tedious\\lib\\token\\handler.js:285:21)\n    at Readable.<anonymous> (D:\\Dev\\ProMS\\ProMSDev\\node_modules\\tedious\\lib\\token\\token-stream-parser.js:19:33)\n    at Readable.emit (node:events:518:28)\n    at addChunk (node:internal/streams/readable:561:12)\n    at readableAddChunkPushObjectMode (node:internal/streams/readable:538:3)\n    at Readable.push (node:internal/streams/readable:393:5)\n    at nextAsync (node:internal/streams/from:194:22)\n    at process.processTicksAndRejections (node:internal/process/task_queues:105:5)","table":"TblDestinationMaterialMapping"}
2025-12-10 13:02:44 [ERROR]: CRUD API Error [create]: Incorrect syntax near the keyword 'Order'. {"stack":"RequestError: Incorrect syntax near the keyword 'Order'.\n    at handleError (D:\\Dev\\ProMS\\ProMSDev\\node_modules\\mssql\\lib\\tedious\\request.js:384:15)\n    at Connection.emit (node:events:518:28)\n    at Connection.emit (D:\\Dev\\ProMS\\ProMSDev\\node_modules\\tedious\\lib\\connection.js:1009:18)\n    at RequestTokenHandler.onErrorMessage (D:\\Dev\\ProMS\\ProMSDev\\node_modules\\tedious\\lib\\token\\handler.js:285:21)\n    at Readable.<anonymous> (D:\\Dev\\ProMS\\ProMSDev\\node_modules\\tedious\\lib\\token\\token-stream-parser.js:19:33)\n    at Readable.emit (node:events:518:28)\n    at addChunk (node:internal/streams/readable:561:12)\n    at readableAddChunkPushObjectMode (node:internal/streams/readable:538:3)\n    at Readable.push (node:internal/streams/readable:393:5)\n    at nextAsync (node:internal/streams/from:194:22)\n    at process.processTicksAndRejections (node:internal/process/task_queues:105:5)","table":"TblMaterial"}
2025-12-10 13:02:45 [ERROR]: CRUD API Error [create]: Incorrect syntax near the keyword 'Order'. {"stack":"RequestError: Incorrect syntax near the keyword 'Order'.\n    at handleError (D:\\Dev\\ProMS\\ProMSDev\\node_modules\\mssql\\lib\\tedious\\request.js:384:15)\n    at Connection.emit (node:events:518:28)\n    at Connection.emit (D:\\Dev\\ProMS\\ProMSDev\\node_modules\\tedious\\lib\\connection.js:1009:18)\n    at RequestTokenHandler.onErrorMessage (D:\\Dev\\ProMS\\ProMSDev\\node_modules\\tedious\\lib\\token\\handler.js:285:21)\n    at Readable.<anonymous> (D:\\Dev\\ProMS\\ProMSDev\\node_modules\\tedious\\lib\\token\\token-stream-parser.js:19:33)\n    at Readable.emit (node:events:518:28)\n    at addChunk (node:internal/streams/readable:561:12)\n    at readableAddChunkPushObjectMode (node:internal/streams/readable:538:3)\n    at Readable.push (node:internal/streams/readable:393:5)\n    at nextAsync (node:internal/streams/from:194:22)\n    at process.processTicksAndRejections (node:internal/process/task_queues:105:5)","table":"TblMaterial"}
2025-12-10 13:02:51 [ERROR]: CRUD API Error [create]: Incorrect syntax near the keyword 'Order'. {"stack":"RequestError: Incorrect syntax near the keyword 'Order'.\n    at handleError (D:\\Dev\\ProMS\\ProMSDev\\node_modules\\mssql\\lib\\tedious\\request.js:384:15)\n    at Connection.emit (node:events:518:28)\n    at Connection.emit (D:\\Dev\\ProMS\\ProMSDev\\node_modules\\tedious\\lib\\connection.js:1009:18)\n    at RequestTokenHandler.onErrorMessage (D:\\Dev\\ProMS\\ProMSDev\\node_modules\\tedious\\lib\\token\\handler.js:285:21)\n    at Readable.<anonymous> (D:\\Dev\\ProMS\\ProMSDev\\node_modules\\tedious\\lib\\token\\token-stream-parser.js:19:33)\n    at Readable.emit (node:events:518:28)\n    at addChunk (node:internal/streams/readable:561:12)\n    at readableAddChunkPushObjectMode (node:internal/streams/readable:538:3)\n    at Readable.push (node:internal/streams/readable:393:5)\n    at nextAsync (node:internal/streams/from:194:22)\n    at process.processTicksAndRejections (node:internal/process/task_queues:105:5)","table":"TblMaterial"}
2025-12-10 13:02:52 [ERROR]: CRUD API Error [create]: Incorrect syntax near the keyword 'Order'. {"stack":"RequestError: Incorrect syntax near the keyword 'Order'.\n    at handleError (D:\\Dev\\ProMS\\ProMSDev\\node_modules\\mssql\\lib\\tedious\\request.js:384:15)\n    at Connection.emit (node:events:518:28)\n    at Connection.emit (D:\\Dev\\ProMS\\ProMSDev\\node_modules\\tedious\\lib\\connection.js:1009:18)\n    at RequestTokenHandler.onErrorMessage (D:\\Dev\\ProMS\\ProMSDev\\node_modules\\tedious\\lib\\token\\handler.js:285:21)\n    at Readable.<anonymous> (D:\\Dev\\ProMS\\ProMSDev\\node_modules\\tedious\\lib\\token\\token-stream-parser.js:19:33)\n    at Readable.emit (node:events:518:28)\n    at addChunk (node:internal/streams/readable:561:12)\n    at readableAddChunkPushObjectMode (node:internal/streams/readable:538:3)\n    at Readable.push (node:internal/streams/readable:393:5)\n    at nextAsync (node:internal/streams/from:194:22)\n    at process.processTicksAndRejections (node:internal/process/task_queues:105:5)","table":"TblMaterial"}
2025-12-10 13:04:29 [ERROR]: CRUD API Error [update]: Incorrect syntax near the keyword 'Order'. {"stack":"RequestError: Incorrect syntax near the keyword 'Order'.\n    at handleError (D:\\Dev\\ProMS\\ProMSDev\\node_modules\\mssql\\lib\\tedious\\request.js:384:15)\n    at Connection.emit (node:events:518:28)\n    at Connection.emit (D:\\Dev\\ProMS\\ProMSDev\\node_modules\\tedious\\lib\\connection.js:1009:18)\n    at RequestTokenHandler.onErrorMessage (D:\\Dev\\ProMS\\ProMSDev\\node_modules\\tedious\\lib\\token\\handler.js:285:21)\n    at Readable.<anonymous> (D:\\Dev\\ProMS\\ProMSDev\\node_modules\\tedious\\lib\\token\\token-stream-parser.js:19:33)\n    at Readable.emit (node:events:518:28)\n    at addChunk (node:internal/streams/readable:561:12)\n    at readableAddChunkPushObjectMode (node:internal/streams/readable:538:3)\n    at Readable.push (node:internal/streams/readable:393:5)\n    at nextAsync (node:internal/streams/from:194:22)\n    at process.processTicksAndRejections (node:internal/process/task_queues:105:5)","table":"TblMaterial"}
2025-12-10 13:34:53 [ERROR]: CRUD API Error [read]: Invalid column name 'IsDelete'. {"stack":"RequestError: Invalid column name 'IsDelete'.\n    at handleError (D:\\Dev\\ProMS\\ProMSDev\\node_modules\\mssql\\lib\\tedious\\request.js:384:15)\n    at Connection.emit (node:events:518:28)\n    at Connection.emit (D:\\Dev\\ProMS\\ProMSDev\\node_modules\\tedious\\lib\\connection.js:1009:18)\n    at RequestTokenHandler.onErrorMessage (D:\\Dev\\ProMS\\ProMSDev\\node_modules\\tedious\\lib\\token\\handler.js:285:21)\n    at Readable.<anonymous> (D:\\Dev\\ProMS\\ProMSDev\\node_modules\\tedious\\lib\\token\\token-stream-parser.js:19:33)\n    at Readable.emit (node:events:518:28)\n    at addChunk (node:internal/streams/readable:561:12)\n    at readableAddChunkPushObjectMode (node:internal/streams/readable:538:3)\n    at Readable.push (node:internal/streams/readable:393:5)\n    at nextAsync (node:internal/streams/from:194:22)\n    at process.processTicksAndRejections (node:internal/process/task_queues:105:5)","table":"TblDestinationMaterialMapping"}
2025-12-10 13:34:53 [ERROR]: CRUD API Error [read]: Invalid column name 'IsDelete'. {"stack":"RequestError: Invalid column name 'IsDelete'.\n    at handleError (D:\\Dev\\ProMS\\ProMSDev\\node_modules\\mssql\\lib\\tedious\\request.js:384:15)\n    at Connection.emit (node:events:518:28)\n    at Connection.emit (D:\\Dev\\ProMS\\ProMSDev\\node_modules\\tedious\\lib\\connection.js:1009:18)\n    at RequestTokenHandler.onErrorMessage (D:\\Dev\\ProMS\\ProMSDev\\node_modules\\tedious\\lib\\token\\handler.js:285:21)\n    at Readable.<anonymous> (D:\\Dev\\ProMS\\ProMSDev\\node_modules\\tedious\\lib\\token\\token-stream-parser.js:19:33)\n    at Readable.emit (node:events:518:28)\n    at addChunk (node:internal/streams/readable:561:12)\n    at readableAddChunkPushObjectMode (node:internal/streams/readable:538:3)\n    at Readable.push (node:internal/streams/readable:393:5)\n    at nextAsync (node:internal/streams/from:194:22)\n    at process.processTicksAndRejections (node:internal/process/task_queues:105:5)","table":"TblDestinationMaterialMapping"}
2025-12-10 13:35:11 [ERROR]: CRUD API Error [read]: Invalid column name 'IsDelete'. {"stack":"RequestError: Invalid column name 'IsDelete'.\n    at handleError (D:\\Dev\\ProMS\\ProMSDev\\node_modules\\mssql\\lib\\tedious\\request.js:384:15)\n    at Connection.emit (node:events:518:28)\n    at Connection.emit (D:\\Dev\\ProMS\\ProMSDev\\node_modules\\tedious\\lib\\connection.js:1009:18)\n    at RequestTokenHandler.onErrorMessage (D:\\Dev\\ProMS\\ProMSDev\\node_modules\\tedious\\lib\\token\\handler.js:285:21)\n    at Readable.<anonymous> (D:\\Dev\\ProMS\\ProMSDev\\node_modules\\tedious\\lib\\token\\token-stream-parser.js:19:33)\n    at Readable.emit (node:events:518:28)\n    at addChunk (node:internal/streams/readable:561:12)\n    at readableAddChunkPushObjectMode (node:internal/streams/readable:538:3)\n    at Readable.push (node:internal/streams/readable:393:5)\n    at nextAsync (node:internal/streams/from:194:22)\n    at process.processTicksAndRejections (node:internal/process/task_queues:105:5)","table":"TblDestinationMaterialMapping"}
2025-12-10 13:35:11 [ERROR]: CRUD API Error [read]: Invalid column name 'IsDelete'. {"stack":"RequestError: Invalid column name 'IsDelete'.\n    at handleError (D:\\Dev\\ProMS\\ProMSDev\\node_modules\\mssql\\lib\\tedious\\request.js:384:15)\n    at Connection.emit (node:events:518:28)\n    at Connection.emit (D:\\Dev\\ProMS\\ProMSDev\\node_modules\\tedious\\lib\\connection.js:1009:18)\n    at RequestTokenHandler.onErrorMessage (D:\\Dev\\ProMS\\ProMSDev\\node_modules\\tedious\\lib\\token\\handler.js:285:21)\n    at Readable.<anonymous> (D:\\Dev\\ProMS\\ProMSDev\\node_modules\\tedious\\lib\\token\\token-stream-parser.js:19:33)\n    at Readable.emit (node:events:518:28)\n    at addChunk (node:internal/streams/readable:561:12)\n    at readableAddChunkPushObjectMode (node:internal/streams/readable:538:3)\n    at Readable.push (node:internal/streams/readable:393:5)\n    at nextAsync (node:internal/streams/from:194:22)\n    at process.processTicksAndRejections (node:internal/process/task_queues:105:5)","table":"TblDestinationMaterialMapping"}
2025-12-10 13:36:46 [ERROR]: CRUD API Error [read]: Invalid column name 'IsDelete'. {"stack":"RequestError: Invalid column name 'IsDelete'.\n    at handleError (D:\\Dev\\ProMS\\ProMSDev\\node_modules\\mssql\\lib\\tedious\\request.js:384:15)\n    at Connection.emit (node:events:518:28)\n    at Connection.emit (D:\\Dev\\ProMS\\ProMSDev\\node_modules\\tedious\\lib\\connection.js:1009:18)\n    at RequestTokenHandler.onErrorMessage (D:\\Dev\\ProMS\\ProMSDev\\node_modules\\tedious\\lib\\token\\handler.js:285:21)\n    at Readable.<anonymous> (D:\\Dev\\ProMS\\ProMSDev\\node_modules\\tedious\\lib\\token\\token-stream-parser.js:19:33)\n    at Readable.emit (node:events:518:28)\n    at addChunk (node:internal/streams/readable:561:12)\n    at readableAddChunkPushObjectMode (node:internal/streams/readable:538:3)\n    at Readable.push (node:internal/streams/readable:393:5)\n    at nextAsync (node:internal/streams/from:194:22)\n    at process.processTicksAndRejections (node:internal/process/task_queues:105:5)","table":"TblDestinationMaterialMapping"}
2025-12-10 13:36:46 [ERROR]: CRUD API Error [read]: Invalid column name 'IsDelete'. {"stack":"RequestError: Invalid column name 'IsDelete'.\n    at handleError (D:\\Dev\\ProMS\\ProMSDev\\node_modules\\mssql\\lib\\tedious\\request.js:384:15)\n    at Connection.emit (node:events:518:28)\n    at Connection.emit (D:\\Dev\\ProMS\\ProMSDev\\node_modules\\tedious\\lib\\connection.js:1009:18)\n    at RequestTokenHandler.onErrorMessage (D:\\Dev\\ProMS\\ProMSDev\\node_modules\\tedious\\lib\\token\\handler.js:285:21)\n    at Readable.<anonymous> (D:\\Dev\\ProMS\\ProMSDev\\node_modules\\tedious\\lib\\token\\token-stream-parser.js:19:33)\n    at Readable.emit (node:events:518:28)\n    at addChunk (node:internal/streams/readable:561:12)\n    at readableAddChunkPushObjectMode (node:internal/streams/readable:538:3)\n    at Readable.push (node:internal/streams/readable:393:5)\n    at nextAsync (node:internal/streams/from:194:22)\n    at process.processTicksAndRejections (node:internal/process/task_queues:105:5)","table":"TblDestinationMaterialMapping"}
2025-12-10 14:20:31 [ERROR]: CRUD API Error [create]: Error converting data type nvarchar to numeric. {"stack":"RequestError: Error converting data type nvarchar to numeric.\n    at handleError (D:\\Dev\\ProMS\\ProMSDev\\node_modules\\mssql\\lib\\tedious\\request.js:384:15)\n    at Connection.emit (node:events:518:28)\n    at Connection.emit (D:\\Dev\\ProMS\\ProMSDev\\node_modules\\tedious\\lib\\connection.js:1009:18)\n    at RequestTokenHandler.onErrorMessage (D:\\Dev\\ProMS\\ProMSDev\\node_modules\\tedious\\lib\\token\\handler.js:285:21)\n    at Readable.<anonymous> (D:\\Dev\\ProMS\\ProMSDev\\node_modules\\tedious\\lib\\token\\token-stream-parser.js:19:33)\n    at Readable.emit (node:events:518:28)\n    at addChunk (node:internal/streams/readable:561:12)\n    at readableAddChunkPushObjectMode (node:internal/streams/readable:538:3)\n    at Readable.push (node:internal/streams/readable:393:5)\n    at nextAsync (node:internal/streams/from:194:22)\n    at process.processTicksAndRejections (node:internal/process/task_queues:105:5)","table":"TblMaterial"}
2025-12-10 14:20:35 [ERROR]: CRUD API Error [create]: Error converting data type nvarchar to numeric. {"stack":"RequestError: Error converting data type nvarchar to numeric.\n    at handleError (D:\\Dev\\ProMS\\ProMSDev\\node_modules\\mssql\\lib\\tedious\\request.js:384:15)\n    at Connection.emit (node:events:518:28)\n    at Connection.emit (D:\\Dev\\ProMS\\ProMSDev\\node_modules\\tedious\\lib\\connection.js:1009:18)\n    at RequestTokenHandler.onErrorMessage (D:\\Dev\\ProMS\\ProMSDev\\node_modules\\tedious\\lib\\token\\handler.js:285:21)\n    at Readable.<anonymous> (D:\\Dev\\ProMS\\ProMSDev\\node_modules\\tedious\\lib\\token\\token-stream-parser.js:19:33)\n    at Readable.emit (node:events:518:28)\n    at addChunk (node:internal/streams/readable:561:12)\n    at readableAddChunkPushObjectMode (node:internal/streams/readable:538:3)\n    at Readable.push (node:internal/streams/readable:393:5)\n    at nextAsync (node:internal/streams/from:194:22)\n    at process.processTicksAndRejections (node:internal/process/task_queues:105:5)","table":"TblMaterial"}
2025-12-10 14:20:48 [ERROR]: CRUD API Error [create]: Error converting data type nvarchar to numeric. {"stack":"RequestError: Error converting data type nvarchar to numeric.\n    at handleError (D:\\Dev\\ProMS\\ProMSDev\\node_modules\\mssql\\lib\\tedious\\request.js:384:15)\n    at Connection.emit (node:events:518:28)\n    at Connection.emit (D:\\Dev\\ProMS\\ProMSDev\\node_modules\\tedious\\lib\\connection.js:1009:18)\n    at RequestTokenHandler.onErrorMessage (D:\\Dev\\ProMS\\ProMSDev\\node_modules\\tedious\\lib\\token\\handler.js:285:21)\n    at Readable.<anonymous> (D:\\Dev\\ProMS\\ProMSDev\\node_modules\\tedious\\lib\\token\\token-stream-parser.js:19:33)\n    at Readable.emit (node:events:518:28)\n    at addChunk (node:internal/streams/readable:561:12)\n    at readableAddChunkPushObjectMode (node:internal/streams/readable:538:3)\n    at Readable.push (node:internal/streams/readable:393:5)\n    at nextAsync (node:internal/streams/from:194:22)\n    at process.processTicksAndRejections (node:internal/process/task_queues:105:5)","table":"TblMaterial"}
2025-12-10 16:17:31 [ERROR]: CRUD API Error [create]: Validation failed for parameter 'UnitId'. Invalid string. {"stack":"RequestError: Validation failed for parameter 'UnitId'. Invalid string.\n    at D:\\Dev\\ProMS\\ProMSDev\\node_modules\\mssql\\lib\\tedious\\request.js:449:19\n    at Array.forEach (<anonymous>)\n    at Request.userCallback (D:\\Dev\\ProMS\\ProMSDev\\node_modules\\mssql\\lib\\tedious\\request.js:446:46)\n    at Request.callback (D:\\Dev\\ProMS\\ProMSDev\\node_modules\\tedious\\lib\\request.js:239:14)\n    at D:\\Dev\\ProMS\\ProMSDev\\node_modules\\tedious\\lib\\connection.js:1653:17\n    at process.processTicksAndRejections (node:internal/process/task_queues:85:11)","table":"TblMaterial"}
2025-12-10 16:18:32 [ERROR]: CRUD API Error [create]: Validation failed for parameter 'UnitId'. Invalid string. {"stack":"RequestError: Validation failed for parameter 'UnitId'. Invalid string.\n    at D:\\Dev\\ProMS\\ProMSDev\\node_modules\\mssql\\lib\\tedious\\request.js:449:19\n    at Array.forEach (<anonymous>)\n    at Request.userCallback (D:\\Dev\\ProMS\\ProMSDev\\node_modules\\mssql\\lib\\tedious\\request.js:446:46)\n    at Request.callback (D:\\Dev\\ProMS\\ProMSDev\\node_modules\\tedious\\lib\\request.js:239:14)\n    at D:\\Dev\\ProMS\\ProMSDev\\node_modules\\tedious\\lib\\connection.js:1653:17\n    at process.processTicksAndRejections (node:internal/process/task_queues:85:11)","table":"TblMaterial"}
2025-12-10 16:18:55 [ERROR]: CRUD API Error [create]: Validation failed for parameter 'UnitId'. Invalid string. {"stack":"RequestError: Validation failed for parameter 'UnitId'. Invalid string.\n    at D:\\Dev\\ProMS\\ProMSDev\\node_modules\\mssql\\lib\\tedious\\request.js:449:19\n    at Array.forEach (<anonymous>)\n    at Request.userCallback (D:\\Dev\\ProMS\\ProMSDev\\node_modules\\mssql\\lib\\tedious\\request.js:446:46)\n    at Request.callback (D:\\Dev\\ProMS\\ProMSDev\\node_modules\\tedious\\lib\\request.js:239:14)\n    at D:\\Dev\\ProMS\\ProMSDev\\node_modules\\tedious\\lib\\connection.js:1653:17\n    at process.processTicksAndRejections (node:internal/process/task_queues:85:11)","table":"TblMaterial"}
2025-12-10 16:19:09 [ERROR]: CRUD API Error [create]: Validation failed for parameter 'UnitId'. Invalid string. {"stack":"RequestError: Validation failed for parameter 'UnitId'. Invalid string.\n    at D:\\Dev\\ProMS\\ProMSDev\\node_modules\\mssql\\lib\\tedious\\request.js:449:19\n    at Array.forEach (<anonymous>)\n    at Request.userCallback (D:\\Dev\\ProMS\\ProMSDev\\node_modules\\mssql\\lib\\tedious\\request.js:446:46)\n    at Request.callback (D:\\Dev\\ProMS\\ProMSDev\\node_modules\\tedious\\lib\\request.js:239:14)\n    at D:\\Dev\\ProMS\\ProMSDev\\node_modules\\tedious\\lib\\connection.js:1653:17\n    at process.processTicksAndRejections (node:internal/process/task_queues:85:11)","table":"TblMaterial"}
2025-12-10 16:22:21 [ERROR]: CRUD API Error [create]: The column name 'IsActive' is specified more than once in the SET clause or column list of an INSERT. A column cannot be assigned more than one value in the same clause. Modify the clause to make sure that a column is updated only once. If this statement updates or inserts columns into a view, column aliasing can conceal the duplication in your code. {"stack":"RequestError: The column name 'IsActive' is specified more than once in the SET clause or column list of an INSERT. A column cannot be assigned more than one value in the same clause. Modify the clause to make sure that a column is updated only once. If this statement updates or inserts columns into a view, column aliasing can conceal the duplication in your code.\n    at handleError (D:\\Dev\\ProMS\\ProMSDev\\node_modules\\mssql\\lib\\tedious\\request.js:384:15)\n    at Connection.emit (node:events:518:28)\n    at Connection.emit (D:\\Dev\\ProMS\\ProMSDev\\node_modules\\tedious\\lib\\connection.js:1009:18)\n    at RequestTokenHandler.onErrorMessage (D:\\Dev\\ProMS\\ProMSDev\\node_modules\\tedious\\lib\\token\\handler.js:285:21)\n    at Readable.<anonymous> (D:\\Dev\\ProMS\\ProMSDev\\node_modules\\tedious\\lib\\token\\token-stream-parser.js:19:33)\n    at Readable.emit (node:events:518:28)\n    at addChunk (node:internal/streams/readable:561:12)\n    at readableAddChunkPushObjectMode (node:internal/streams/readable:538:3)\n    at Readable.push (node:internal/streams/readable:393:5)\n    at nextAsync (node:internal/streams/from:194:22)\n    at process.processTicksAndRejections (node:internal/process/task_queues:105:5)","table":"TblMaterial"}
2025-12-10 16:22:32 [ERROR]: CRUD API Error [create]: The column name 'IsActive' is specified more than once in the SET clause or column list of an INSERT. A column cannot be assigned more than one value in the same clause. Modify the clause to make sure that a column is updated only once. If this statement updates or inserts columns into a view, column aliasing can conceal the duplication in your code. {"stack":"RequestError: The column name 'IsActive' is specified more than once in the SET clause or column list of an INSERT. A column cannot be assigned more than one value in the same clause. Modify the clause to make sure that a column is updated only once. If this statement updates or inserts columns into a view, column aliasing can conceal the duplication in your code.\n    at handleError (D:\\Dev\\ProMS\\ProMSDev\\node_modules\\mssql\\lib\\tedious\\request.js:384:15)\n    at Connection.emit (node:events:518:28)\n    at Connection.emit (D:\\Dev\\ProMS\\ProMSDev\\node_modules\\tedious\\lib\\connection.js:1009:18)\n    at RequestTokenHandler.onErrorMessage (D:\\Dev\\ProMS\\ProMSDev\\node_modules\\tedious\\lib\\token\\handler.js:285:21)\n    at Readable.<anonymous> (D:\\Dev\\ProMS\\ProMSDev\\node_modules\\tedious\\lib\\token\\token-stream-parser.js:19:33)\n    at Readable.emit (node:events:518:28)\n    at addChunk (node:internal/streams/readable:561:12)\n    at readableAddChunkPushObjectMode (node:internal/streams/readable:538:3)\n    at Readable.push (node:internal/streams/readable:393:5)\n    at nextAsync (node:internal/streams/from:194:22)\n    at process.processTicksAndRejections (node:internal/process/task_queues:105:5)","table":"TblMaterial"}
2025-12-10 16:25:35 [ERROR]: CRUD API Error [create]: Error converting data type nvarchar to numeric. {"stack":"RequestError: Error converting data type nvarchar to numeric.\n    at handleError (D:\\Dev\\ProMS\\ProMSDev\\node_modules\\mssql\\lib\\tedious\\request.js:384:15)\n    at Connection.emit (node:events:518:28)\n    at Connection.emit (D:\\Dev\\ProMS\\ProMSDev\\node_modules\\tedious\\lib\\connection.js:1009:18)\n    at RequestTokenHandler.onErrorMessage (D:\\Dev\\ProMS\\ProMSDev\\node_modules\\tedious\\lib\\token\\handler.js:285:21)\n    at Readable.<anonymous> (D:\\Dev\\ProMS\\ProMSDev\\node_modules\\tedious\\lib\\token\\token-stream-parser.js:19:33)\n    at Readable.emit (node:events:518:28)\n    at addChunk (node:internal/streams/readable:561:12)\n    at readableAddChunkPushObjectMode (node:internal/streams/readable:538:3)\n    at Readable.push (node:internal/streams/readable:393:5)\n    at nextAsync (node:internal/streams/from:194:22)\n    at process.processTicksAndRejections (node:internal/process/task_queues:105:5)","table":"TblMaterial"}
2025-12-10 16:25:43 [ERROR]: CRUD API Error [create]: Error converting data type nvarchar to numeric. {"stack":"RequestError: Error converting data type nvarchar to numeric.\n    at handleError (D:\\Dev\\ProMS\\ProMSDev\\node_modules\\mssql\\lib\\tedious\\request.js:384:15)\n    at Connection.emit (node:events:518:28)\n    at Connection.emit (D:\\Dev\\ProMS\\ProMSDev\\node_modules\\tedious\\lib\\connection.js:1009:18)\n    at RequestTokenHandler.onErrorMessage (D:\\Dev\\ProMS\\ProMSDev\\node_modules\\tedious\\lib\\token\\handler.js:285:21)\n    at Readable.<anonymous> (D:\\Dev\\ProMS\\ProMSDev\\node_modules\\tedious\\lib\\token\\token-stream-parser.js:19:33)\n    at Readable.emit (node:events:518:28)\n    at addChunk (node:internal/streams/readable:561:12)\n    at readableAddChunkPushObjectMode (node:internal/streams/readable:538:3)\n    at Readable.push (node:internal/streams/readable:393:5)\n    at nextAsync (node:internal/streams/from:194:22)\n    at process.processTicksAndRejections (node:internal/process/task_queues:105:5)","table":"TblMaterial"}
2025-12-11 10:42:57 [ERROR]: CRUD API Error [create]: Invalid column name 'UploadRemark'. {"stack":"RequestError: Invalid column name 'UploadRemark'.\n    at handleError (D:\\Dev\\ProMS\\ProMSDev\\node_modules\\mssql\\lib\\tedious\\request.js:384:15)\n    at Connection.emit (node:events:518:28)\n    at Connection.emit (D:\\Dev\\ProMS\\ProMSDev\\node_modules\\tedious\\lib\\connection.js:1009:18)\n    at RequestTokenHandler.onErrorMessage (D:\\Dev\\ProMS\\ProMSDev\\node_modules\\tedious\\lib\\token\\handler.js:285:21)\n    at Readable.<anonymous> (D:\\Dev\\ProMS\\ProMSDev\\node_modules\\tedious\\lib\\token\\token-stream-parser.js:19:33)\n    at Readable.emit (node:events:518:28)\n    at addChunk (node:internal/streams/readable:561:12)\n    at readableAddChunkPushObjectMode (node:internal/streams/readable:538:3)\n    at Readable.push (node:internal/streams/readable:393:5)\n    at nextAsync (node:internal/streams/from:194:22)\n    at process.processTicksAndRejections (node:internal/process/task_queues:105:5)","table":"TblEquipmentGroup"}
2025-12-11 10:42:57 [ERROR]: CRUD API Error [create]: Invalid column name 'UploadRemark'. {"stack":"RequestError: Invalid column name 'UploadRemark'.\n    at handleError (D:\\Dev\\ProMS\\ProMSDev\\node_modules\\mssql\\lib\\tedious\\request.js:384:15)\n    at Connection.emit (node:events:518:28)\n    at Connection.emit (D:\\Dev\\ProMS\\ProMSDev\\node_modules\\tedious\\lib\\connection.js:1009:18)\n    at RequestTokenHandler.onErrorMessage (D:\\Dev\\ProMS\\ProMSDev\\node_modules\\tedious\\lib\\token\\handler.js:285:21)\n    at Readable.<anonymous> (D:\\Dev\\ProMS\\ProMSDev\\node_modules\\tedious\\lib\\token\\token-stream-parser.js:19:33)\n    at Readable.emit (node:events:518:28)\n    at addChunk (node:internal/streams/readable:561:12)\n    at readableAddChunkPushObjectMode (node:internal/streams/readable:538:3)\n    at Readable.push (node:internal/streams/readable:393:5)\n    at nextAsync (node:internal/streams/from:194:22)\n    at process.processTicksAndRejections (node:internal/process/task_queues:105:5)","table":"TblEquipmentGroup"}
2025-12-11 10:42:57 [ERROR]: CRUD API Error [create]: Invalid column name 'UploadRemark'. {"stack":"RequestError: Invalid column name 'UploadRemark'.\n    at handleError (D:\\Dev\\ProMS\\ProMSDev\\node_modules\\mssql\\lib\\tedious\\request.js:384:15)\n    at Connection.emit (node:events:518:28)\n    at Connection.emit (D:\\Dev\\ProMS\\ProMSDev\\node_modules\\tedious\\lib\\connection.js:1009:18)\n    at RequestTokenHandler.onErrorMessage (D:\\Dev\\ProMS\\ProMSDev\\node_modules\\tedious\\lib\\token\\handler.js:285:21)\n    at Readable.<anonymous> (D:\\Dev\\ProMS\\ProMSDev\\node_modules\\tedious\\lib\\token\\token-stream-parser.js:19:33)\n    at Readable.emit (node:events:518:28)\n    at addChunk (node:internal/streams/readable:561:12)\n    at readableAddChunkPushObjectMode (node:internal/streams/readable:538:3)\n    at Readable.push (node:internal/streams/readable:393:5)\n    at nextAsync (node:internal/streams/from:194:22)\n    at process.processTicksAndRejections (node:internal/process/task_queues:105:5)","table":"TblEquipmentGroup"}
2025-12-11 10:42:57 [ERROR]: CRUD API Error [create]: Invalid column name 'UploadRemark'. {"stack":"RequestError: Invalid column name 'UploadRemark'.\n    at handleError (D:\\Dev\\ProMS\\ProMSDev\\node_modules\\mssql\\lib\\tedious\\request.js:384:15)\n    at Connection.emit (node:events:518:28)\n    at Connection.emit (D:\\Dev\\ProMS\\ProMSDev\\node_modules\\tedious\\lib\\connection.js:1009:18)\n    at RequestTokenHandler.onErrorMessage (D:\\Dev\\ProMS\\ProMSDev\\node_modules\\tedious\\lib\\token\\handler.js:285:21)\n    at Readable.<anonymous> (D:\\Dev\\ProMS\\ProMSDev\\node_modules\\tedious\\lib\\token\\token-stream-parser.js:19:33)\n    at Readable.emit (node:events:518:28)\n    at addChunk (node:internal/streams/readable:561:12)\n    at readableAddChunkPushObjectMode (node:internal/streams/readable:538:3)\n    at Readable.push (node:internal/streams/readable:393:5)\n    at nextAsync (node:internal/streams/from:194:22)\n    at process.processTicksAndRejections (node:internal/process/task_queues:105:5)","table":"TblEquipmentGroup"}
2025-12-11 16:46:32 [ERROR]: CRUD API Error [create]: Invalid column name 'UploadRemark'. {"stack":"RequestError: Invalid column name 'UploadRemark'.\n    at handleError (D:\\Dev\\ProMS\\ProMSDev\\node_modules\\mssql\\lib\\tedious\\request.js:384:15)\n    at Connection.emit (node:events:518:28)\n    at Connection.emit (D:\\Dev\\ProMS\\ProMSDev\\node_modules\\tedious\\lib\\connection.js:1009:18)\n    at RequestTokenHandler.onErrorMessage (D:\\Dev\\ProMS\\ProMSDev\\node_modules\\tedious\\lib\\token\\handler.js:285:21)\n    at Readable.<anonymous> (D:\\Dev\\ProMS\\ProMSDev\\node_modules\\tedious\\lib\\token\\token-stream-parser.js:19:33)\n    at Readable.emit (node:events:518:28)\n    at addChunk (node:internal/streams/readable:561:12)\n    at readableAddChunkPushObjectMode (node:internal/streams/readable:538:3)\n    at Readable.push (node:internal/streams/readable:393:5)\n    at nextAsync (node:internal/streams/from:194:22)\n    at process.processTicksAndRejections (node:internal/process/task_queues:105:5)","table":"TblEquipment"}
2025-12-11 18:20:19 [ERROR]: CRUD API Error [read]: Invalid column name 'IsDelete'. {"stack":"RequestError: Invalid column name 'IsDelete'.\n    at handleError (D:\\Dev\\ProMS\\ProMSDev\\node_modules\\mssql\\lib\\tedious\\request.js:384:15)\n    at Connection.emit (node:events:518:28)\n    at Connection.emit (D:\\Dev\\ProMS\\ProMSDev\\node_modules\\tedious\\lib\\connection.js:1009:18)\n    at RequestTokenHandler.onErrorMessage (D:\\Dev\\ProMS\\ProMSDev\\node_modules\\tedious\\lib\\token\\handler.js:285:21)\n    at Readable.<anonymous> (D:\\Dev\\ProMS\\ProMSDev\\node_modules\\tedious\\lib\\token\\token-stream-parser.js:19:33)\n    at Readable.emit (node:events:518:28)\n    at addChunk (node:internal/streams/readable:561:12)\n    at readableAddChunkPushObjectMode (node:internal/streams/readable:538:3)\n    at Readable.push (node:internal/streams/readable:393:5)\n    at nextAsync (node:internal/streams/from:194:22)\n    at process.processTicksAndRejections (node:internal/process/task_queues:105:5)","table":"TblShiftIncharge"}
2025-12-11 18:20:19 [ERROR]: CRUD API Error [read]: Invalid column name 'IsDelete'. {"stack":"RequestError: Invalid column name 'IsDelete'.\n    at handleError (D:\\Dev\\ProMS\\ProMSDev\\node_modules\\mssql\\lib\\tedious\\request.js:384:15)\n    at Connection.emit (node:events:518:28)\n    at Connection.emit (D:\\Dev\\ProMS\\ProMSDev\\node_modules\\tedious\\lib\\connection.js:1009:18)\n    at RequestTokenHandler.onErrorMessage (D:\\Dev\\ProMS\\ProMSDev\\node_modules\\tedious\\lib\\token\\handler.js:285:21)\n    at Readable.<anonymous> (D:\\Dev\\ProMS\\ProMSDev\\node_modules\\tedious\\lib\\token\\token-stream-parser.js:19:33)\n    at Readable.emit (node:events:518:28)\n    at addChunk (node:internal/streams/readable:561:12)\n    at readableAddChunkPushObjectMode (node:internal/streams/readable:538:3)\n    at Readable.push (node:internal/streams/readable:393:5)\n    at nextAsync (node:internal/streams/from:194:22)\n    at process.processTicksAndRejections (node:internal/process/task_queues:105:5)","table":"TblShiftIncharge"}
2025-12-11 18:22:07 [ERROR]: CRUD API Error [read]: Invalid column name 'IsDelete'. {"stack":"RequestError: Invalid column name 'IsDelete'.\n    at handleError (D:\\Dev\\ProMS\\ProMSDev\\node_modules\\mssql\\lib\\tedious\\request.js:384:15)\n    at Connection.emit (node:events:518:28)\n    at Connection.emit (D:\\Dev\\ProMS\\ProMSDev\\node_modules\\tedious\\lib\\connection.js:1009:18)\n    at RequestTokenHandler.onErrorMessage (D:\\Dev\\ProMS\\ProMSDev\\node_modules\\tedious\\lib\\token\\handler.js:285:21)\n    at Readable.<anonymous> (D:\\Dev\\ProMS\\ProMSDev\\node_modules\\tedious\\lib\\token\\token-stream-parser.js:19:33)\n    at Readable.emit (node:events:518:28)\n    at addChunk (node:internal/streams/readable:561:12)\n    at readableAddChunkPushObjectMode (node:internal/streams/readable:538:3)\n    at Readable.push (node:internal/streams/readable:393:5)\n    at nextAsync (node:internal/streams/from:194:22)\n    at process.processTicksAndRejections (node:internal/process/task_queues:105:5)","table":"TblShiftIncharge"}
2025-12-11 18:22:08 [ERROR]: CRUD API Error [read]: Invalid column name 'IsDelete'. {"stack":"RequestError: Invalid column name 'IsDelete'.\n    at handleError (D:\\Dev\\ProMS\\ProMSDev\\node_modules\\mssql\\lib\\tedious\\request.js:384:15)\n    at Connection.emit (node:events:518:28)\n    at Connection.emit (D:\\Dev\\ProMS\\ProMSDev\\node_modules\\tedious\\lib\\connection.js:1009:18)\n    at RequestTokenHandler.onErrorMessage (D:\\Dev\\ProMS\\ProMSDev\\node_modules\\tedious\\lib\\token\\handler.js:285:21)\n    at Readable.<anonymous> (D:\\Dev\\ProMS\\ProMSDev\\node_modules\\tedious\\lib\\token\\token-stream-parser.js:19:33)\n    at Readable.emit (node:events:518:28)\n    at addChunk (node:internal/streams/readable:561:12)\n    at readableAddChunkPushObjectMode (node:internal/streams/readable:538:3)\n    at Readable.push (node:internal/streams/readable:393:5)\n    at nextAsync (node:internal/streams/from:194:22)\n    at process.processTicksAndRejections (node:internal/process/task_queues:105:5)","table":"TblShiftIncharge"}
2025-12-11 18:22:08 [ERROR]: CRUD API Error [read]: Invalid column name 'IsDelete'. {"stack":"RequestError: Invalid column name 'IsDelete'.\n    at handleError (D:\\Dev\\ProMS\\ProMSDev\\node_modules\\mssql\\lib\\tedious\\request.js:384:15)\n    at Connection.emit (node:events:518:28)\n    at Connection.emit (D:\\Dev\\ProMS\\ProMSDev\\node_modules\\tedious\\lib\\connection.js:1009:18)\n    at RequestTokenHandler.onErrorMessage (D:\\Dev\\ProMS\\ProMSDev\\node_modules\\tedious\\lib\\token\\handler.js:285:21)\n    at Readable.<anonymous> (D:\\Dev\\ProMS\\ProMSDev\\node_modules\\tedious\\lib\\token\\token-stream-parser.js:19:33)\n    at Readable.emit (node:events:518:28)\n    at addChunk (node:internal/streams/readable:561:12)\n    at readableAddChunkPushObjectMode (node:internal/streams/readable:538:3)\n    at Readable.push (node:internal/streams/readable:393:5)\n    at nextAsync (node:internal/streams/from:194:22)\n    at process.processTicksAndRejections (node:internal/process/task_queues:105:5)","table":"TblShiftIncharge"}
2025-12-12 10:39:46 [ERROR]: CRUD API Error [create]: Invalid column name 'UploadRemark'. {"stack":"RequestError: Invalid column name 'UploadRemark'.\n    at handleError (D:\\Dev\\ProMS\\ProMSDev\\node_modules\\mssql\\lib\\tedious\\request.js:384:15)\n    at Connection.emit (node:events:518:28)\n    at Connection.emit (D:\\Dev\\ProMS\\ProMSDev\\node_modules\\tedious\\lib\\connection.js:1009:18)\n    at RequestTokenHandler.onErrorMessage (D:\\Dev\\ProMS\\ProMSDev\\node_modules\\tedious\\lib\\token\\handler.js:285:21)\n    at Readable.<anonymous> (D:\\Dev\\ProMS\\ProMSDev\\node_modules\\tedious\\lib\\token\\token-stream-parser.js:19:33)\n    at Readable.emit (node:events:518:28)\n    at addChunk (node:internal/streams/readable:561:12)\n    at readableAddChunkPushObjectMode (node:internal/streams/readable:538:3)\n    at Readable.push (node:internal/streams/readable:393:5)\n    at nextAsync (node:internal/streams/from:194:22)\n    at process.processTicksAndRejections (node:internal/process/task_queues:105:5)","table":"TblLocation"}
2025-12-12 10:39:47 [ERROR]: CRUD API Error [create]: Invalid column name 'UploadRemark'. {"stack":"RequestError: Invalid column name 'UploadRemark'.\n    at handleError (D:\\Dev\\ProMS\\ProMSDev\\node_modules\\mssql\\lib\\tedious\\request.js:384:15)\n    at Connection.emit (node:events:518:28)\n    at Connection.emit (D:\\Dev\\ProMS\\ProMSDev\\node_modules\\tedious\\lib\\connection.js:1009:18)\n    at RequestTokenHandler.onErrorMessage (D:\\Dev\\ProMS\\ProMSDev\\node_modules\\tedious\\lib\\token\\handler.js:285:21)\n    at Readable.<anonymous> (D:\\Dev\\ProMS\\ProMSDev\\node_modules\\tedious\\lib\\token\\token-stream-parser.js:19:33)\n    at Readable.emit (node:events:518:28)\n    at addChunk (node:internal/streams/readable:561:12)\n    at readableAddChunkPushObjectMode (node:internal/streams/readable:538:3)\n    at Readable.push (node:internal/streams/readable:393:5)\n    at nextAsync (node:internal/streams/from:194:22)\n    at process.processTicksAndRejections (node:internal/process/task_queues:105:5)","table":"TblLocation"}
2025-12-14 20:34:13 [ERROR]: CRUD API Error [read]: Invalid column name 'UnitId'. {"stack":"RequestError: Invalid column name 'UnitId'.\n    at handleError (D:\\Dev\\ProMS\\ProMSDev\\node_modules\\mssql\\lib\\tedious\\request.js:384:15)\n    at Connection.emit (node:events:518:28)\n    at Connection.emit (D:\\Dev\\ProMS\\ProMSDev\\node_modules\\tedious\\lib\\connection.js:1009:18)\n    at RequestTokenHandler.onErrorMessage (D:\\Dev\\ProMS\\ProMSDev\\node_modules\\tedious\\lib\\token\\handler.js:285:21)\n    at Readable.<anonymous> (D:\\Dev\\ProMS\\ProMSDev\\node_modules\\tedious\\lib\\token\\token-stream-parser.js:19:33)\n    at Readable.emit (node:events:518:28)\n    at addChunk (node:internal/streams/readable:561:12)\n    at readableAddChunkPushObjectMode (node:internal/streams/readable:538:3)\n    at Readable.push (node:internal/streams/readable:393:5)\n    at nextAsync (node:internal/streams/from:194:22)\n    at process.processTicksAndRejections (node:internal/process/task_queues:105:5)","table":"TblQtyTripMapping"}
2025-12-14 20:34:13 [ERROR]: CRUD API Error [read]: Invalid column name 'UnitId'. {"stack":"RequestError: Invalid column name 'UnitId'.\n    at handleError (D:\\Dev\\ProMS\\ProMSDev\\node_modules\\mssql\\lib\\tedious\\request.js:384:15)\n    at Connection.emit (node:events:518:28)\n    at Connection.emit (D:\\Dev\\ProMS\\ProMSDev\\node_modules\\tedious\\lib\\connection.js:1009:18)\n    at RequestTokenHandler.onErrorMessage (D:\\Dev\\ProMS\\ProMSDev\\node_modules\\tedious\\lib\\token\\handler.js:285:21)\n    at Readable.<anonymous> (D:\\Dev\\ProMS\\ProMSDev\\node_modules\\tedious\\lib\\token\\token-stream-parser.js:19:33)\n    at Readable.emit (node:events:518:28)\n    at addChunk (node:internal/streams/readable:561:12)\n    at readableAddChunkPushObjectMode (node:internal/streams/readable:538:3)\n    at Readable.push (node:internal/streams/readable:393:5)\n    at nextAsync (node:internal/streams/from:194:22)\n    at process.processTicksAndRejections (node:internal/process/task_queues:105:5)","table":"TblQtyTripMapping"}
2025-12-14 20:34:42 [ERROR]: CRUD API Error [read]: Invalid column name 'UnitId'. {"stack":"RequestError: Invalid column name 'UnitId'.\n    at handleError (D:\\Dev\\ProMS\\ProMSDev\\node_modules\\mssql\\lib\\tedious\\request.js:384:15)\n    at Connection.emit (node:events:518:28)\n    at Connection.emit (D:\\Dev\\ProMS\\ProMSDev\\node_modules\\tedious\\lib\\connection.js:1009:18)\n    at RequestTokenHandler.onErrorMessage (D:\\Dev\\ProMS\\ProMSDev\\node_modules\\tedious\\lib\\token\\handler.js:285:21)\n    at Readable.<anonymous> (D:\\Dev\\ProMS\\ProMSDev\\node_modules\\tedious\\lib\\token\\token-stream-parser.js:19:33)\n    at Readable.emit (node:events:518:28)\n    at addChunk (node:internal/streams/readable:561:12)\n    at readableAddChunkPushObjectMode (node:internal/streams/readable:538:3)\n    at Readable.push (node:internal/streams/readable:393:5)\n    at nextAsync (node:internal/streams/from:194:22)\n    at process.processTicksAndRejections (node:internal/process/task_queues:105:5)","table":"TblQtyTripMapping"}
2025-12-14 20:34:42 [ERROR]: CRUD API Error [read]: Invalid column name 'UnitId'. {"stack":"RequestError: Invalid column name 'UnitId'.\n    at handleError (D:\\Dev\\ProMS\\ProMSDev\\node_modules\\mssql\\lib\\tedious\\request.js:384:15)\n    at Connection.emit (node:events:518:28)\n    at Connection.emit (D:\\Dev\\ProMS\\ProMSDev\\node_modules\\tedious\\lib\\connection.js:1009:18)\n    at RequestTokenHandler.onErrorMessage (D:\\Dev\\ProMS\\ProMSDev\\node_modules\\tedious\\lib\\token\\handler.js:285:21)\n    at Readable.<anonymous> (D:\\Dev\\ProMS\\ProMSDev\\node_modules\\tedious\\lib\\token\\token-stream-parser.js:19:33)\n    at Readable.emit (node:events:518:28)\n    at addChunk (node:internal/streams/readable:561:12)\n    at readableAddChunkPushObjectMode (node:internal/streams/readable:538:3)\n    at Readable.push (node:internal/streams/readable:393:5)\n    at nextAsync (node:internal/streams/from:194:22)\n    at process.processTicksAndRejections (node:internal/process/task_queues:105:5)","table":"TblQtyTripMapping"}
2025-12-14 20:34:43 [ERROR]: CRUD API Error [read]: Invalid column name 'UnitId'. {"stack":"RequestError: Invalid column name 'UnitId'.\n    at handleError (D:\\Dev\\ProMS\\ProMSDev\\node_modules\\mssql\\lib\\tedious\\request.js:384:15)\n    at Connection.emit (node:events:518:28)\n    at Connection.emit (D:\\Dev\\ProMS\\ProMSDev\\node_modules\\tedious\\lib\\connection.js:1009:18)\n    at RequestTokenHandler.onErrorMessage (D:\\Dev\\ProMS\\ProMSDev\\node_modules\\tedious\\lib\\token\\handler.js:285:21)\n    at Readable.<anonymous> (D:\\Dev\\ProMS\\ProMSDev\\node_modules\\tedious\\lib\\token\\token-stream-parser.js:19:33)\n    at Readable.emit (node:events:518:28)\n    at addChunk (node:internal/streams/readable:561:12)\n    at readableAddChunkPushObjectMode (node:internal/streams/readable:538:3)\n    at Readable.push (node:internal/streams/readable:393:5)\n    at nextAsync (node:internal/streams/from:194:22)\n    at process.processTicksAndRejections (node:internal/process/task_queues:105:5)","table":"TblQtyTripMapping"}
2025-12-14 20:35:31 [ERROR]: CRUD API Error [read]: Invalid column name 'UnitId'. {"stack":"RequestError: Invalid column name 'UnitId'.\n    at handleError (D:\\Dev\\ProMS\\ProMSDev\\node_modules\\mssql\\lib\\tedious\\request.js:384:15)\n    at Connection.emit (node:events:518:28)\n    at Connection.emit (D:\\Dev\\ProMS\\ProMSDev\\node_modules\\tedious\\lib\\connection.js:1009:18)\n    at RequestTokenHandler.onErrorMessage (D:\\Dev\\ProMS\\ProMSDev\\node_modules\\tedious\\lib\\token\\handler.js:285:21)\n    at Readable.<anonymous> (D:\\Dev\\ProMS\\ProMSDev\\node_modules\\tedious\\lib\\token\\token-stream-parser.js:19:33)\n    at Readable.emit (node:events:518:28)\n    at addChunk (node:internal/streams/readable:561:12)\n    at readableAddChunkPushObjectMode (node:internal/streams/readable:538:3)\n    at Readable.push (node:internal/streams/readable:393:5)\n    at nextAsync (node:internal/streams/from:194:22)\n    at process.processTicksAndRejections (node:internal/process/task_queues:105:5)","table":"TblQtyTripMapping"}
2025-12-14 20:35:31 [ERROR]: CRUD API Error [read]: Invalid column name 'UnitId'. {"stack":"RequestError: Invalid column name 'UnitId'.\n    at handleError (D:\\Dev\\ProMS\\ProMSDev\\node_modules\\mssql\\lib\\tedious\\request.js:384:15)\n    at Connection.emit (node:events:518:28)\n    at Connection.emit (D:\\Dev\\ProMS\\ProMSDev\\node_modules\\tedious\\lib\\connection.js:1009:18)\n    at RequestTokenHandler.onErrorMessage (D:\\Dev\\ProMS\\ProMSDev\\node_modules\\tedious\\lib\\token\\handler.js:285:21)\n    at Readable.<anonymous> (D:\\Dev\\ProMS\\ProMSDev\\node_modules\\tedious\\lib\\token\\token-stream-parser.js:19:33)\n    at Readable.emit (node:events:518:28)\n    at addChunk (node:internal/streams/readable:561:12)\n    at readableAddChunkPushObjectMode (node:internal/streams/readable:538:3)\n    at Readable.push (node:internal/streams/readable:393:5)\n    at nextAsync (node:internal/streams/from:194:22)\n    at process.processTicksAndRejections (node:internal/process/task_queues:105:5)","table":"TblQtyTripMapping"}
2025-12-14 20:35:31 [ERROR]: CRUD API Error [read]: Invalid column name 'UnitId'. {"stack":"RequestError: Invalid column name 'UnitId'.\n    at handleError (D:\\Dev\\ProMS\\ProMSDev\\node_modules\\mssql\\lib\\tedious\\request.js:384:15)\n    at Connection.emit (node:events:518:28)\n    at Connection.emit (D:\\Dev\\ProMS\\ProMSDev\\node_modules\\tedious\\lib\\connection.js:1009:18)\n    at RequestTokenHandler.onErrorMessage (D:\\Dev\\ProMS\\ProMSDev\\node_modules\\tedious\\lib\\token\\handler.js:285:21)\n    at Readable.<anonymous> (D:\\Dev\\ProMS\\ProMSDev\\node_modules\\tedious\\lib\\token\\token-stream-parser.js:19:33)\n    at Readable.emit (node:events:518:28)\n    at addChunk (node:internal/streams/readable:561:12)\n    at readableAddChunkPushObjectMode (node:internal/streams/readable:538:3)\n    at Readable.push (node:internal/streams/readable:393:5)\n    at nextAsync (node:internal/streams/from:194:22)\n    at process.processTicksAndRejections (node:internal/process/task_queues:105:5)","table":"TblQtyTripMapping"}
2025-12-14 20:36:00 [ERROR]: CRUD API Error [read]: Invalid column name 'UnitId'. {"stack":"RequestError: Invalid column name 'UnitId'.\n    at handleError (D:\\Dev\\ProMS\\ProMSDev\\node_modules\\mssql\\lib\\tedious\\request.js:384:15)\n    at Connection.emit (node:events:518:28)\n    at Connection.emit (D:\\Dev\\ProMS\\ProMSDev\\node_modules\\tedious\\lib\\connection.js:1009:18)\n    at RequestTokenHandler.onErrorMessage (D:\\Dev\\ProMS\\ProMSDev\\node_modules\\tedious\\lib\\token\\handler.js:285:21)\n    at Readable.<anonymous> (D:\\Dev\\ProMS\\ProMSDev\\node_modules\\tedious\\lib\\token\\token-stream-parser.js:19:33)\n    at Readable.emit (node:events:518:28)\n    at addChunk (node:internal/streams/readable:561:12)\n    at readableAddChunkPushObjectMode (node:internal/streams/readable:538:3)\n    at Readable.push (node:internal/streams/readable:393:5)\n    at nextAsync (node:internal/streams/from:194:22)\n    at process.processTicksAndRejections (node:internal/process/task_queues:105:5)","table":"TblQtyTripMapping"}
2025-12-14 20:36:00 [ERROR]: CRUD API Error [read]: Invalid column name 'UnitId'. {"stack":"RequestError: Invalid column name 'UnitId'.\n    at handleError (D:\\Dev\\ProMS\\ProMSDev\\node_modules\\mssql\\lib\\tedious\\request.js:384:15)\n    at Connection.emit (node:events:518:28)\n    at Connection.emit (D:\\Dev\\ProMS\\ProMSDev\\node_modules\\tedious\\lib\\connection.js:1009:18)\n    at RequestTokenHandler.onErrorMessage (D:\\Dev\\ProMS\\ProMSDev\\node_modules\\tedious\\lib\\token\\handler.js:285:21)\n    at Readable.<anonymous> (D:\\Dev\\ProMS\\ProMSDev\\node_modules\\tedious\\lib\\token\\token-stream-parser.js:19:33)\n    at Readable.emit (node:events:518:28)\n    at addChunk (node:internal/streams/readable:561:12)\n    at readableAddChunkPushObjectMode (node:internal/streams/readable:538:3)\n    at Readable.push (node:internal/streams/readable:393:5)\n    at nextAsync (node:internal/streams/from:194:22)\n    at process.processTicksAndRejections (node:internal/process/task_queues:105:5)","table":"TblQtyTripMapping"}
2025-12-14 20:36:00 [ERROR]: CRUD API Error [read]: Invalid column name 'UnitId'. {"stack":"RequestError: Invalid column name 'UnitId'.\n    at handleError (D:\\Dev\\ProMS\\ProMSDev\\node_modules\\mssql\\lib\\tedious\\request.js:384:15)\n    at Connection.emit (node:events:518:28)\n    at Connection.emit (D:\\Dev\\ProMS\\ProMSDev\\node_modules\\tedious\\lib\\connection.js:1009:18)\n    at RequestTokenHandler.onErrorMessage (D:\\Dev\\ProMS\\ProMSDev\\node_modules\\tedious\\lib\\token\\handler.js:285:21)\n    at Readable.<anonymous> (D:\\Dev\\ProMS\\ProMSDev\\node_modules\\tedious\\lib\\token\\token-stream-parser.js:19:33)\n    at Readable.emit (node:events:518:28)\n    at addChunk (node:internal/streams/readable:561:12)\n    at readableAddChunkPushObjectMode (node:internal/streams/readable:538:3)\n    at Readable.push (node:internal/streams/readable:393:5)\n    at nextAsync (node:internal/streams/from:194:22)\n    at process.processTicksAndRejections (node:internal/process/task_queues:105:5)","table":"TblQtyTripMapping"}
2025-12-14 20:36:20 [ERROR]: CRUD API Error [read]: Invalid column name 'UnitId'. {"stack":"RequestError: Invalid column name 'UnitId'.\n    at handleError (D:\\Dev\\ProMS\\ProMSDev\\node_modules\\mssql\\lib\\tedious\\request.js:384:15)\n    at Connection.emit (node:events:518:28)\n    at Connection.emit (D:\\Dev\\ProMS\\ProMSDev\\node_modules\\tedious\\lib\\connection.js:1009:18)\n    at RequestTokenHandler.onErrorMessage (D:\\Dev\\ProMS\\ProMSDev\\node_modules\\tedious\\lib\\token\\handler.js:285:21)\n    at Readable.<anonymous> (D:\\Dev\\ProMS\\ProMSDev\\node_modules\\tedious\\lib\\token\\token-stream-parser.js:19:33)\n    at Readable.emit (node:events:518:28)\n    at addChunk (node:internal/streams/readable:561:12)\n    at readableAddChunkPushObjectMode (node:internal/streams/readable:538:3)\n    at Readable.push (node:internal/streams/readable:393:5)\n    at nextAsync (node:internal/streams/from:194:22)\n    at process.processTicksAndRejections (node:internal/process/task_queues:105:5)","table":"TblQtyTripMapping"}
2025-12-14 20:36:20 [ERROR]: CRUD API Error [read]: Invalid column name 'UnitId'. {"stack":"RequestError: Invalid column name 'UnitId'.\n    at handleError (D:\\Dev\\ProMS\\ProMSDev\\node_modules\\mssql\\lib\\tedious\\request.js:384:15)\n    at Connection.emit (node:events:518:28)\n    at Connection.emit (D:\\Dev\\ProMS\\ProMSDev\\node_modules\\tedious\\lib\\connection.js:1009:18)\n    at RequestTokenHandler.onErrorMessage (D:\\Dev\\ProMS\\ProMSDev\\node_modules\\tedious\\lib\\token\\handler.js:285:21)\n    at Readable.<anonymous> (D:\\Dev\\ProMS\\ProMSDev\\node_modules\\tedious\\lib\\token\\token-stream-parser.js:19:33)\n    at Readable.emit (node:events:518:28)\n    at addChunk (node:internal/streams/readable:561:12)\n    at readableAddChunkPushObjectMode (node:internal/streams/readable:538:3)\n    at Readable.push (node:internal/streams/readable:393:5)\n    at nextAsync (node:internal/streams/from:194:22)\n    at process.processTicksAndRejections (node:internal/process/task_queues:105:5)","table":"TblQtyTripMapping"}
2025-12-14 20:36:20 [ERROR]: CRUD API Error [read]: Invalid column name 'UnitId'. {"stack":"RequestError: Invalid column name 'UnitId'.\n    at handleError (D:\\Dev\\ProMS\\ProMSDev\\node_modules\\mssql\\lib\\tedious\\request.js:384:15)\n    at Connection.emit (node:events:518:28)\n    at Connection.emit (D:\\Dev\\ProMS\\ProMSDev\\node_modules\\tedious\\lib\\connection.js:1009:18)\n    at RequestTokenHandler.onErrorMessage (D:\\Dev\\ProMS\\ProMSDev\\node_modules\\tedious\\lib\\token\\handler.js:285:21)\n    at Readable.<anonymous> (D:\\Dev\\ProMS\\ProMSDev\\node_modules\\tedious\\lib\\token\\token-stream-parser.js:19:33)\n    at Readable.emit (node:events:518:28)\n    at addChunk (node:internal/streams/readable:561:12)\n    at readableAddChunkPushObjectMode (node:internal/streams/readable:538:3)\n    at Readable.push (node:internal/streams/readable:393:5)\n    at nextAsync (node:internal/streams/from:194:22)\n    at process.processTicksAndRejections (node:internal/process/task_queues:105:5)","table":"TblQtyTripMapping"}
2025-12-14 20:41:10 [ERROR]: CRUD API Error [read]: Invalid column name 'UnitId'. {"stack":"RequestError: Invalid column name 'UnitId'.\n    at handleError (D:\\Dev\\ProMS\\ProMSDev\\node_modules\\mssql\\lib\\tedious\\request.js:384:15)\n    at Connection.emit (node:events:518:28)\n    at Connection.emit (D:\\Dev\\ProMS\\ProMSDev\\node_modules\\tedious\\lib\\connection.js:1009:18)\n    at RequestTokenHandler.onErrorMessage (D:\\Dev\\ProMS\\ProMSDev\\node_modules\\tedious\\lib\\token\\handler.js:285:21)\n    at Readable.<anonymous> (D:\\Dev\\ProMS\\ProMSDev\\node_modules\\tedious\\lib\\token\\token-stream-parser.js:19:33)\n    at Readable.emit (node:events:518:28)\n    at addChunk (node:internal/streams/readable:561:12)\n    at readableAddChunkPushObjectMode (node:internal/streams/readable:538:3)\n    at Readable.push (node:internal/streams/readable:393:5)\n    at nextAsync (node:internal/streams/from:194:22)\n    at process.processTicksAndRejections (node:internal/process/task_queues:105:5)","table":"TblQtyTripMapping"}
2025-12-14 20:41:10 [ERROR]: CRUD API Error [read]: Invalid column name 'UnitId'. {"stack":"RequestError: Invalid column name 'UnitId'.\n    at handleError (D:\\Dev\\ProMS\\ProMSDev\\node_modules\\mssql\\lib\\tedious\\request.js:384:15)\n    at Connection.emit (node:events:518:28)\n    at Connection.emit (D:\\Dev\\ProMS\\ProMSDev\\node_modules\\tedious\\lib\\connection.js:1009:18)\n    at RequestTokenHandler.onErrorMessage (D:\\Dev\\ProMS\\ProMSDev\\node_modules\\tedious\\lib\\token\\handler.js:285:21)\n    at Readable.<anonymous> (D:\\Dev\\ProMS\\ProMSDev\\node_modules\\tedious\\lib\\token\\token-stream-parser.js:19:33)\n    at Readable.emit (node:events:518:28)\n    at addChunk (node:internal/streams/readable:561:12)\n    at readableAddChunkPushObjectMode (node:internal/streams/readable:538:3)\n    at Readable.push (node:internal/streams/readable:393:5)\n    at nextAsync (node:internal/streams/from:194:22)\n    at process.processTicksAndRejections (node:internal/process/task_queues:105:5)","table":"TblQtyTripMapping"}
2025-12-14 20:41:10 [ERROR]: CRUD API Error [read]: Invalid column name 'UnitId'. {"stack":"RequestError: Invalid column name 'UnitId'.\n    at handleError (D:\\Dev\\ProMS\\ProMSDev\\node_modules\\mssql\\lib\\tedious\\request.js:384:15)\n    at Connection.emit (node:events:518:28)\n    at Connection.emit (D:\\Dev\\ProMS\\ProMSDev\\node_modules\\tedious\\lib\\connection.js:1009:18)\n    at RequestTokenHandler.onErrorMessage (D:\\Dev\\ProMS\\ProMSDev\\node_modules\\tedious\\lib\\token\\handler.js:285:21)\n    at Readable.<anonymous> (D:\\Dev\\ProMS\\ProMSDev\\node_modules\\tedious\\lib\\token\\token-stream-parser.js:19:33)\n    at Readable.emit (node:events:518:28)\n    at addChunk (node:internal/streams/readable:561:12)\n    at readableAddChunkPushObjectMode (node:internal/streams/readable:538:3)\n    at Readable.push (node:internal/streams/readable:393:5)\n    at nextAsync (node:internal/streams/from:194:22)\n    at process.processTicksAndRejections (node:internal/process/task_queues:105:5)","table":"TblQtyTripMapping"}
2025-12-18 14:37:46 [ERROR]: CRUD API Error [unknown]: Unexpected end of JSON input {"stack":"SyntaxError: Unexpected end of JSON input\n    at JSON.parse (<anonymous>)\n    at parseJSONFromBytes (node:internal/deps/undici/undici:5738:19)\n    at successSteps (node:internal/deps/undici/undici:5719:27)\n    at consumeBody (node:internal/deps/undici/undici:5725:9)\n    at NextRequest.json (node:internal/deps/undici/undici:5665:18)\n    at POST (D:\\Dev\\ProMS\\ProMSDev\\.next\\dev\\server\\chunks\\[root-of-the-server]__5e95bbf2._.js:1280:26)\n    at AsyncLocalStorage.run (node:internal/async_local_storage/async_hooks:80:14)\n    at AppRouteRouteModule.do (D:\\Dev\\ProMS\\ProMSDev\\node_modules\\next\\dist\\compiled\\next-server\\app-route-turbo.runtime.dev.js:5:37868)\n    at D:\\Dev\\ProMS\\ProMSDev\\node_modules\\next\\dist\\compiled\\next-server\\app-route-turbo.runtime.dev.js:5:47830\n    at D:\\Dev\\ProMS\\ProMSDev\\node_modules\\next\\dist\\server\\lib\\trace\\tracer.js:185:36\n    at NoopContextManager.with (D:\\Dev\\ProMS\\ProMSDev\\node_modules\\next\\dist\\compiled\\@opentelemetry\\api\\index.js:1:7062)\n    at ContextAPI.with (D:\\Dev\\ProMS\\ProMSDev\\node_modules\\next\\dist\\compiled\\@opentelemetry\\api\\index.js:1:518)\n    at NoopTracer.startActiveSpan (D:\\Dev\\ProMS\\ProMSDev\\node_modules\\next\\dist\\compiled\\@opentelemetry\\api\\index.js:1:18093)\n    at ProxyTracer.startActiveSpan (D:\\Dev\\ProMS\\ProMSDev\\node_modules\\next\\dist\\compiled\\@opentelemetry\\api\\index.js:1:18854)\n    at D:\\Dev\\ProMS\\ProMSDev\\node_modules\\next\\dist\\server\\lib\\trace\\tracer.js:154:103\n    at NoopContextManager.with (D:\\Dev\\ProMS\\ProMSDev\\node_modules\\next\\dist\\compiled\\@opentelemetry\\api\\index.js:1:7062)\n    at ContextAPI.with (D:\\Dev\\ProMS\\ProMSDev\\node_modules\\next\\dist\\compiled\\@opentelemetry\\api\\index.js:1:518)\n    at NextTracerImpl.trace (D:\\Dev\\ProMS\\ProMSDev\\node_modules\\next\\dist\\server\\lib\\trace\\tracer.js:154:28)\n    at D:\\Dev\\ProMS\\ProMSDev\\node_modules\\next\\dist\\compiled\\next-server\\app-route-turbo.runtime.dev.js:5:47669\n    at AsyncLocalStorage.run (node:internal/async_local_storage/async_hooks:91:14)\n    at D:\\Dev\\ProMS\\ProMSDev\\node_modules\\next\\dist\\compiled\\next-server\\app-route-turbo.runtime.dev.js:5:45164\n    at AsyncLocalStorage.run (node:internal/async_local_storage/async_hooks:91:14)\n    at D:\\Dev\\ProMS\\ProMSDev\\node_modules\\next\\dist\\compiled\\next-server\\app-route-turbo.runtime.dev.js:5:45121\n    at AsyncLocalStorage.run (node:internal/async_local_storage/async_hooks:91:14)\n    at AppRouteRouteModule.handle (D:\\Dev\\ProMS\\ProMSDev\\node_modules\\next\\dist\\compiled\\next-server\\app-route-turbo.runtime.dev.js:5:45075)"}
2025-12-18 14:37:46 [ERROR]: CRUD API Error [unknown]: Unexpected end of JSON input {"stack":"SyntaxError: Unexpected end of JSON input\n    at JSON.parse (<anonymous>)\n    at parseJSONFromBytes (node:internal/deps/undici/undici:5738:19)\n    at successSteps (node:internal/deps/undici/undici:5719:27)\n    at consumeBody (node:internal/deps/undici/undici:5725:9)\n    at NextRequest.json (node:internal/deps/undici/undici:5665:18)\n    at POST (D:\\Dev\\ProMS\\ProMSDev\\.next\\dev\\server\\chunks\\[root-of-the-server]__5e95bbf2._.js:1280:26)\n    at AsyncLocalStorage.run (node:internal/async_local_storage/async_hooks:80:14)\n    at AppRouteRouteModule.do (D:\\Dev\\ProMS\\ProMSDev\\node_modules\\next\\dist\\compiled\\next-server\\app-route-turbo.runtime.dev.js:5:37868)\n    at D:\\Dev\\ProMS\\ProMSDev\\node_modules\\next\\dist\\compiled\\next-server\\app-route-turbo.runtime.dev.js:5:47830\n    at D:\\Dev\\ProMS\\ProMSDev\\node_modules\\next\\dist\\server\\lib\\trace\\tracer.js:185:36\n    at NoopContextManager.with (D:\\Dev\\ProMS\\ProMSDev\\node_modules\\next\\dist\\compiled\\@opentelemetry\\api\\index.js:1:7062)\n    at ContextAPI.with (D:\\Dev\\ProMS\\ProMSDev\\node_modules\\next\\dist\\compiled\\@opentelemetry\\api\\index.js:1:518)\n    at NoopTracer.startActiveSpan (D:\\Dev\\ProMS\\ProMSDev\\node_modules\\next\\dist\\compiled\\@opentelemetry\\api\\index.js:1:18093)\n    at ProxyTracer.startActiveSpan (D:\\Dev\\ProMS\\ProMSDev\\node_modules\\next\\dist\\compiled\\@opentelemetry\\api\\index.js:1:18854)\n    at D:\\Dev\\ProMS\\ProMSDev\\node_modules\\next\\dist\\server\\lib\\trace\\tracer.js:154:103\n    at NoopContextManager.with (D:\\Dev\\ProMS\\ProMSDev\\node_modules\\next\\dist\\compiled\\@opentelemetry\\api\\index.js:1:7062)\n    at ContextAPI.with (D:\\Dev\\ProMS\\ProMSDev\\node_modules\\next\\dist\\compiled\\@opentelemetry\\api\\index.js:1:518)\n    at NextTracerImpl.trace (D:\\Dev\\ProMS\\ProMSDev\\node_modules\\next\\dist\\server\\lib\\trace\\tracer.js:154:28)\n    at D:\\Dev\\ProMS\\ProMSDev\\node_modules\\next\\dist\\compiled\\next-server\\app-route-turbo.runtime.dev.js:5:47669\n    at AsyncLocalStorage.run (node:internal/async_local_storage/async_hooks:91:14)\n    at D:\\Dev\\ProMS\\ProMSDev\\node_modules\\next\\dist\\compiled\\next-server\\app-route-turbo.runtime.dev.js:5:45164\n    at AsyncLocalStorage.run (node:internal/async_local_storage/async_hooks:91:14)\n    at D:\\Dev\\ProMS\\ProMSDev\\node_modules\\next\\dist\\compiled\\next-server\\app-route-turbo.runtime.dev.js:5:45121\n    at AsyncLocalStorage.run (node:internal/async_local_storage/async_hooks:91:14)\n    at AppRouteRouteModule.handle (D:\\Dev\\ProMS\\ProMSDev\\node_modules\\next\\dist\\compiled\\next-server\\app-route-turbo.runtime.dev.js:5:45075)"}
2025-12-18 16:06:52 [ERROR]: CRUD API Error [unknown]: Unexpected end of JSON input {"stack":"SyntaxError: Unexpected end of JSON input\n    at JSON.parse (<anonymous>)\n    at parseJSONFromBytes (node:internal/deps/undici/undici:5738:19)\n    at successSteps (node:internal/deps/undici/undici:5719:27)\n    at consumeBody (node:internal/deps/undici/undici:5725:9)\n    at NextRequest.json (node:internal/deps/undici/undici:5665:18)\n    at POST (D:\\Dev\\ProMS\\ProMSDev\\.next\\dev\\server\\chunks\\[root-of-the-server]__5e95bbf2._.js:1280:26)\n    at AsyncLocalStorage.run (node:internal/async_local_storage/async_hooks:80:14)\n    at AppRouteRouteModule.do (D:\\Dev\\ProMS\\ProMSDev\\node_modules\\next\\dist\\compiled\\next-server\\app-route-turbo.runtime.dev.js:5:37868)\n    at D:\\Dev\\ProMS\\ProMSDev\\node_modules\\next\\dist\\compiled\\next-server\\app-route-turbo.runtime.dev.js:5:47830\n    at D:\\Dev\\ProMS\\ProMSDev\\node_modules\\next\\dist\\server\\lib\\trace\\tracer.js:185:36\n    at NoopContextManager.with (D:\\Dev\\ProMS\\ProMSDev\\node_modules\\next\\dist\\compiled\\@opentelemetry\\api\\index.js:1:7062)\n    at ContextAPI.with (D:\\Dev\\ProMS\\ProMSDev\\node_modules\\next\\dist\\compiled\\@opentelemetry\\api\\index.js:1:518)\n    at NoopTracer.startActiveSpan (D:\\Dev\\ProMS\\ProMSDev\\node_modules\\next\\dist\\compiled\\@opentelemetry\\api\\index.js:1:18093)\n    at ProxyTracer.startActiveSpan (D:\\Dev\\ProMS\\ProMSDev\\node_modules\\next\\dist\\compiled\\@opentelemetry\\api\\index.js:1:18854)\n    at D:\\Dev\\ProMS\\ProMSDev\\node_modules\\next\\dist\\server\\lib\\trace\\tracer.js:154:103\n    at NoopContextManager.with (D:\\Dev\\ProMS\\ProMSDev\\node_modules\\next\\dist\\compiled\\@opentelemetry\\api\\index.js:1:7062)\n    at ContextAPI.with (D:\\Dev\\ProMS\\ProMSDev\\node_modules\\next\\dist\\compiled\\@opentelemetry\\api\\index.js:1:518)\n    at NextTracerImpl.trace (D:\\Dev\\ProMS\\ProMSDev\\node_modules\\next\\dist\\server\\lib\\trace\\tracer.js:154:28)\n    at D:\\Dev\\ProMS\\ProMSDev\\node_modules\\next\\dist\\compiled\\next-server\\app-route-turbo.runtime.dev.js:5:47669\n    at AsyncLocalStorage.run (node:internal/async_local_storage/async_hooks:91:14)\n    at D:\\Dev\\ProMS\\ProMSDev\\node_modules\\next\\dist\\compiled\\next-server\\app-route-turbo.runtime.dev.js:5:45164\n    at AsyncLocalStorage.run (node:internal/async_local_storage/async_hooks:91:14)\n    at D:\\Dev\\ProMS\\ProMSDev\\node_modules\\next\\dist\\compiled\\next-server\\app-route-turbo.runtime.dev.js:5:45121\n    at AsyncLocalStorage.run (node:internal/async_local_storage/async_hooks:91:14)\n    at AppRouteRouteModule.handle (D:\\Dev\\ProMS\\ProMSDev\\node_modules\\next\\dist\\compiled\\next-server\\app-route-turbo.runtime.dev.js:5:45075)"}
2025-12-18 16:06:52 [ERROR]: CRUD API Error [unknown]: Unexpected end of JSON input {"stack":"SyntaxError: Unexpected end of JSON input\n    at JSON.parse (<anonymous>)\n    at parseJSONFromBytes (node:internal/deps/undici/undici:5738:19)\n    at successSteps (node:internal/deps/undici/undici:5719:27)\n    at consumeBody (node:internal/deps/undici/undici:5725:9)\n    at NextRequest.json (node:internal/deps/undici/undici:5665:18)\n    at POST (D:\\Dev\\ProMS\\ProMSDev\\.next\\dev\\server\\chunks\\[root-of-the-server]__5e95bbf2._.js:1280:26)\n    at AsyncLocalStorage.run (node:internal/async_local_storage/async_hooks:80:14)\n    at AppRouteRouteModule.do (D:\\Dev\\ProMS\\ProMSDev\\node_modules\\next\\dist\\compiled\\next-server\\app-route-turbo.runtime.dev.js:5:37868)\n    at D:\\Dev\\ProMS\\ProMSDev\\node_modules\\next\\dist\\compiled\\next-server\\app-route-turbo.runtime.dev.js:5:47830\n    at D:\\Dev\\ProMS\\ProMSDev\\node_modules\\next\\dist\\server\\lib\\trace\\tracer.js:185:36\n    at NoopContextManager.with (D:\\Dev\\ProMS\\ProMSDev\\node_modules\\next\\dist\\compiled\\@opentelemetry\\api\\index.js:1:7062)\n    at ContextAPI.with (D:\\Dev\\ProMS\\ProMSDev\\node_modules\\next\\dist\\compiled\\@opentelemetry\\api\\index.js:1:518)\n    at NoopTracer.startActiveSpan (D:\\Dev\\ProMS\\ProMSDev\\node_modules\\next\\dist\\compiled\\@opentelemetry\\api\\index.js:1:18093)\n    at ProxyTracer.startActiveSpan (D:\\Dev\\ProMS\\ProMSDev\\node_modules\\next\\dist\\compiled\\@opentelemetry\\api\\index.js:1:18854)\n    at D:\\Dev\\ProMS\\ProMSDev\\node_modules\\next\\dist\\server\\lib\\trace\\tracer.js:154:103\n    at NoopContextManager.with (D:\\Dev\\ProMS\\ProMSDev\\node_modules\\next\\dist\\compiled\\@opentelemetry\\api\\index.js:1:7062)\n    at ContextAPI.with (D:\\Dev\\ProMS\\ProMSDev\\node_modules\\next\\dist\\compiled\\@opentelemetry\\api\\index.js:1:518)\n    at NextTracerImpl.trace (D:\\Dev\\ProMS\\ProMSDev\\node_modules\\next\\dist\\server\\lib\\trace\\tracer.js:154:28)\n    at D:\\Dev\\ProMS\\ProMSDev\\node_modules\\next\\dist\\compiled\\next-server\\app-route-turbo.runtime.dev.js:5:47669\n    at AsyncLocalStorage.run (node:internal/async_local_storage/async_hooks:91:14)\n    at D:\\Dev\\ProMS\\ProMSDev\\node_modules\\next\\dist\\compiled\\next-server\\app-route-turbo.runtime.dev.js:5:45164\n    at AsyncLocalStorage.run (node:internal/async_local_storage/async_hooks:91:14)\n    at D:\\Dev\\ProMS\\ProMSDev\\node_modules\\next\\dist\\compiled\\next-server\\app-route-turbo.runtime.dev.js:5:45121\n    at AsyncLocalStorage.run (node:internal/async_local_storage/async_hooks:91:14)\n    at AppRouteRouteModule.handle (D:\\Dev\\ProMS\\ProMSDev\\node_modules\\next\\dist\\compiled\\next-server\\app-route-turbo.runtime.dev.js:5:45075)"}
2025-12-24 10:53:31 [ERROR]: CRUD API Error [update]: Validation failed for parameter 'PMSCode'. Invalid string. {"stack":"RequestError: Validation failed for parameter 'PMSCode'. Invalid string.\n    at D:\\Dev\\ProMS\\ProMSDev\\node_modules\\mssql\\lib\\tedious\\request.js:449:19\n    at Array.forEach (<anonymous>)\n    at Request.userCallback (D:\\Dev\\ProMS\\ProMSDev\\node_modules\\mssql\\lib\\tedious\\request.js:446:46)\n    at Request.callback (D:\\Dev\\ProMS\\ProMSDev\\node_modules\\tedious\\lib\\request.js:239:14)\n    at D:\\Dev\\ProMS\\ProMSDev\\node_modules\\tedious\\lib\\connection.js:1653:17\n    at process.processTicksAndRejections (node:internal/process/task_queues:85:11)","table":"TblEquipment"}
2025-12-24 10:53:36 [ERROR]: CRUD API Error [update]: Validation failed for parameter 'PMSCode'. Invalid string. {"stack":"RequestError: Validation failed for parameter 'PMSCode'. Invalid string.\n    at D:\\Dev\\ProMS\\ProMSDev\\node_modules\\mssql\\lib\\tedious\\request.js:449:19\n    at Array.forEach (<anonymous>)\n    at Request.userCallback (D:\\Dev\\ProMS\\ProMSDev\\node_modules\\mssql\\lib\\tedious\\request.js:446:46)\n    at Request.callback (D:\\Dev\\ProMS\\ProMSDev\\node_modules\\tedious\\lib\\request.js:239:14)\n    at D:\\Dev\\ProMS\\ProMSDev\\node_modules\\tedious\\lib\\connection.js:1653:17\n    at process.processTicksAndRejections (node:internal/process/task_queues:85:11)","table":"TblEquipment"}
